GROUP,PACKAGE,CLASS,INSTRUCTION_MISSED,INSTRUCTION_COVERED,BRANCH_MISSED,BRANCH_COVERED,LINE_MISSED,LINE_COVERED,COMPLEXITY_MISSED,COMPLEXITY_COVERED,METHOD_MISSED,METHOD_COVERED
controleestoque,br.com.hercules.controleestoque,ControleestoqueApplication,5,3,0,0,2,1,1,1,1,1
controleestoque,br.com.hercules.controleestoque.model,Produto,4,42,0,0,2,18,1,9,1,9
controleestoque,br.com.hercules.controleestoque.controller,ProdutoController,7,59,0,0,2,16,1,6,1,6
controleestoque,br.com.hercules.controleestoque.service.impl,ProdutoServiceImpl,4,76,0,2,1,15,1,9,1,8
controleestoque,br.com.hercules.controleestoque.exception,ResourceNotFoundException,0,4,0,0,0,2,0,1,0,1
controleestoque,br.com.hercules.controleestoque.exception,GlobalExceptionHandler,6,3,0,0,1,1,1,1,1,1
