GROUP,PACKAGE,CLASS,INSTRUCTION_MISSED,INSTRUCTION_COVERED,BRANCH_MISSED,BRANCH_COVERED,LINE_MISSED,LINE_COVERED,COMPLEXITY_MISSED,COMPLEXITY_COVERED,METHOD_MISSED,METHOD_COVERED
controleestoque,br.com.hercules.controleestoque,ControleestoqueApplication,5,3,0,0,2,1,1,1,1,1
controleestoque,br.com.hercules.controleestoque.model,Produto,4,42,0,0,2,18,1,9,1,9
controleestoque,br.com.hercules.controleestoque.controller,ProdutoController,60,6,0,0,15,3,6,1,6,1
controleestoque,br.com.hercules.controleestoque.service.impl,ProdutoServiceImpl,4,76,0,2,1,15,1,9,1,8
