<?xml version="1.0" encoding="UTF-8"?>
<testsuite xmlns:xsi="http://www.w3.org/2001/XMLSchema-instance" xsi:noNamespaceSchemaLocation="https://maven.apache.org/surefire/maven-surefire-plugin/xsd/surefire-test-report.xsd" version="3.0.2" name="br.com.hercules.controleestoque.ControleestoqueApplicationTests" time="12.809" tests="1" errors="0" skipped="0" failures="0">
  <properties>
[...]
</properties>
  <testcase name="contextLoads" classname="br.com.hercules.controleestoque.ControleestoqueApplicationTests" time="0.729">
    <system-out><![CDATA[00:49:29.314 [main] INFO org.springframework.test.context.support.AnnotationConfigContextLoaderUtils -- Could not detect default configuration classes for test class [br.com.hercules.controleestoque.ControleestoqueApplicationTests]: ControleestoqueApplicationTests does not declare any static, non-private, non-final, nested classes annotated with @Configuration.
00:49:29.662 [main] INFO org.springframework.boot.test.context.SpringBootTestContextBootstrapper -- Found @SpringBootConfiguration br.com.hercules.controleestoque.ControleestoqueApplication for test class br.com.hercules.controleestoque.ControleestoqueApplicationTests

  .   ____          _            __ _ _
 /\\ / ___'_ __ _ _(_)_ __  __ _ \ \ \ \
( ( )\___ | '_ | '_| | '_ \/ _` | \ \ \ \
 \\/  ___)| |_)| | | | | || (_| |  ) ) ) )
  '  |____| .__|_| |_|_| |_\__, | / / / /
 =========|_|==============|___/=/_/_/_/

 :: Spring Boot ::                (v3.4.2)

2025-02-05T00:49:30.885-03:00  INFO 7624 --- [controleestoque] [           main] b.c.h.c.ControleestoqueApplicationTests  : Starting ControleestoqueApplicationTests using Java 17.0.12 with PID 7624 (started by hercu in C:\Projetos\controleestoque)
2025-02-05T00:49:30.888-03:00  INFO 7624 --- [controleestoque] [           main] b.c.h.c.ControleestoqueApplicationTests  : No active profile set, falling back to 1 default profile: "default"
2025-02-05T00:49:32.733-03:00  INFO 7624 --- [controleestoque] [           main] .s.d.r.c.RepositoryConfigurationDelegate : Bootstrapping Spring Data JPA repositories in DEFAULT mode.
2025-02-05T00:49:32.871-03:00  INFO 7624 --- [controleestoque] [           main] .s.d.r.c.RepositoryConfigurationDelegate : Finished Spring Data repository scanning in 113 ms. Found 1 JPA repository interface.
2025-02-05T00:49:33.896-03:00  INFO 7624 --- [controleestoque] [           main] com.zaxxer.hikari.HikariDataSource       : HikariPool-1 - Starting...
2025-02-05T00:49:35.217-03:00  INFO 7624 --- [controleestoque] [           main] com.zaxxer.hikari.pool.HikariPool        : HikariPool-1 - Added connection conn0: url=jdbc:h2:mem:86cc9389-c178-4bde-b4fa-5e40205d30cb user=SA
2025-02-05T00:49:35.227-03:00  INFO 7624 --- [controleestoque] [           main] com.zaxxer.hikari.HikariDataSource       : HikariPool-1 - Start completed.
2025-02-05T00:49:35.416-03:00  INFO 7624 --- [controleestoque] [           main] o.hibernate.jpa.internal.util.LogHelper  : HHH000204: Processing PersistenceUnitInfo [name: default]
2025-02-05T00:49:35.690-03:00  INFO 7624 --- [controleestoque] [           main] org.hibernate.Version                    : HHH000412: Hibernate ORM core version 6.6.5.Final
2025-02-05T00:49:35.839-03:00  INFO 7624 --- [controleestoque] [           main] o.h.c.internal.RegionFactoryInitiator    : HHH000026: Second-level cache disabled
2025-02-05T00:49:36.649-03:00  INFO 7624 --- [controleestoque] [           main] o.s.o.j.p.SpringPersistenceUnitInfo      : No LoadTimeWeaver setup: ignoring JPA class transformer
2025-02-05T00:49:36.908-03:00  INFO 7624 --- [controleestoque] [           main] org.hibernate.orm.connections.pooling    : HHH10001005: Database info:
	Database JDBC URL [Connecting through datasource 'HikariDataSource (HikariPool-1)']
	Database driver: undefined/unknown
	Database version: 2.3.232
	Autocommit mode: undefined/unknown
	Isolation level: undefined/unknown
	Minimum pool size: undefined/unknown
	Maximum pool size: undefined/unknown
2025-02-05T00:49:39.169-03:00  INFO 7624 --- [controleestoque] [           main] o.h.e.t.j.p.i.JtaPlatformInitiator       : HHH000489: No JTA platform available (set 'hibernate.transaction.jta.platform' to enable JTA platform integration)
2025-02-05T00:49:39.274-03:00  INFO 7624 --- [controleestoque] [           main] j.LocalContainerEntityManagerFactoryBean : Initialized JPA EntityManagerFactory for persistence unit 'default'
2025-02-05T00:49:40.082-03:00  WARN 7624 --- [controleestoque] [           main] JpaBaseConfiguration$JpaWebConfiguration : spring.jpa.open-in-view is enabled by default. Therefore, database queries may be performed during view rendering. Explicitly configure spring.jpa.open-in-view to disable this warning
2025-02-05T00:49:40.832-03:00  INFO 7624 --- [controleestoque] [           main] b.c.h.c.ControleestoqueApplicationTests  : Started ControleestoqueApplicationTests in 10.711 seconds (process running for 13.581)
]]></system-out>
  </testcase>
</testsuite>